ERROR - 2024-06-11 07:24:31 --> Unknown column 'idAntrian' in 'where clause'
CRITICAL - 2024-06-11 07:24:31 --> Unknown column 'idAntrian' in 'where clause'
#0 C:\xampp\htdocs\warak\system\Database\MySQLi\Connection.php(292): mysqli->query('SELECT *\nFROM `...', 0)
#1 C:\xampp\htdocs\warak\system\Database\BaseConnection.php(670): CodeIgniter\Database\MySQLi\Connection->execute('SELECT *\nFROM `...')
#2 C:\xampp\htdocs\warak\system\Database\BaseConnection.php(598): CodeIgniter\Database\BaseConnection->simpleQuery('SELECT *\nFROM `...')
#3 C:\xampp\htdocs\warak\system\Database\BaseBuilder.php(1443): CodeIgniter\Database\BaseConnection->query('SELECT *\nFROM `...', Array, false)
#4 C:\xampp\htdocs\warak\system\Model.php(183): CodeIgniter\Database\BaseBuilder->get()
#5 C:\xampp\htdocs\warak\system\BaseModel.php(584): CodeIgniter\Model->doFindAll(0, 0)
#6 C:\xampp\htdocs\warak\app\Controllers\Antrian.php(57): CodeIgniter\BaseModel->findAll()
#7 C:\xampp\htdocs\warak\system\CodeIgniter.php(824): App\Controllers\Antrian->rincianPesanan()
#8 C:\xampp\htdocs\warak\system\CodeIgniter.php(410): CodeIgniter\CodeIgniter->runController(Object(App\Controllers\Antrian))
#9 C:\xampp\htdocs\warak\system\CodeIgniter.php(318): CodeIgniter\CodeIgniter->handleRequest(NULL, Object(Config\Cache), false)
#10 C:\xampp\htdocs\warak\index.php(37): CodeIgniter\CodeIgniter->run()
#11 {main}
ERROR - 2024-06-11 07:24:43 --> Unknown column 'idAntrian' in 'where clause'
CRITICAL - 2024-06-11 07:24:43 --> Unknown column 'idAntrian' in 'where clause'
#0 C:\xampp\htdocs\warak\system\Database\MySQLi\Connection.php(292): mysqli->query('SELECT *\nFROM `...', 0)
#1 C:\xampp\htdocs\warak\system\Database\BaseConnection.php(670): CodeIgniter\Database\MySQLi\Connection->execute('SELECT *\nFROM `...')
#2 C:\xampp\htdocs\warak\system\Database\BaseConnection.php(598): CodeIgniter\Database\BaseConnection->simpleQuery('SELECT *\nFROM `...')
#3 C:\xampp\htdocs\warak\system\Database\BaseBuilder.php(1443): CodeIgniter\Database\BaseConnection->query('SELECT *\nFROM `...', Array, false)
#4 C:\xampp\htdocs\warak\system\Model.php(183): CodeIgniter\Database\BaseBuilder->get()
#5 C:\xampp\htdocs\warak\system\BaseModel.php(584): CodeIgniter\Model->doFindAll(0, 0)
#6 C:\xampp\htdocs\warak\app\Controllers\Antrian.php(57): CodeIgniter\BaseModel->findAll()
#7 C:\xampp\htdocs\warak\system\CodeIgniter.php(824): App\Controllers\Antrian->rincianPesanan()
#8 C:\xampp\htdocs\warak\system\CodeIgniter.php(410): CodeIgniter\CodeIgniter->runController(Object(App\Controllers\Antrian))
#9 C:\xampp\htdocs\warak\system\CodeIgniter.php(318): CodeIgniter\CodeIgniter->handleRequest(NULL, Object(Config\Cache), false)
#10 C:\xampp\htdocs\warak\index.php(37): CodeIgniter\CodeIgniter->run()
#11 {main}
ERROR - 2024-06-11 07:24:44 --> Unknown column 'antrian.id' in 'where clause'
CRITICAL - 2024-06-11 07:24:44 --> Unknown column 'antrian.id' in 'where clause'
#0 C:\xampp\htdocs\warak\system\Database\MySQLi\Connection.php(292): mysqli->query('UPDATE `antrian...', 0)
#1 C:\xampp\htdocs\warak\system\Database\BaseConnection.php(670): CodeIgniter\Database\MySQLi\Connection->execute('UPDATE `antrian...')
#2 C:\xampp\htdocs\warak\system\Database\BaseConnection.php(598): CodeIgniter\Database\BaseConnection->simpleQuery('UPDATE `antrian...')
#3 C:\xampp\htdocs\warak\system\Database\BaseBuilder.php(1901): CodeIgniter\Database\BaseConnection->query('UPDATE `antrian...', Array, false)
#4 C:\xampp\htdocs\warak\system\Model.php(298): CodeIgniter\Database\BaseBuilder->update()
#5 C:\xampp\htdocs\warak\system\BaseModel.php(865): CodeIgniter\Model->doUpdate(Array, Array)
#6 C:\xampp\htdocs\warak\system\Model.php(646): CodeIgniter\BaseModel->update(Array, Array)
#7 C:\xampp\htdocs\warak\app\Controllers\Antrian.php(48): CodeIgniter\Model->update('', Array)
#8 C:\xampp\htdocs\warak\system\CodeIgniter.php(824): App\Controllers\Antrian->proses()
#9 C:\xampp\htdocs\warak\system\CodeIgniter.php(410): CodeIgniter\CodeIgniter->runController(Object(App\Controllers\Antrian))
#10 C:\xampp\htdocs\warak\system\CodeIgniter.php(318): CodeIgniter\CodeIgniter->handleRequest(NULL, Object(Config\Cache), false)
#11 C:\xampp\htdocs\warak\index.php(37): CodeIgniter\CodeIgniter->run()
#12 {main}
ERROR - 2024-06-11 07:24:46 --> Unknown column 'antrian.id' in 'where clause'
CRITICAL - 2024-06-11 07:24:46 --> Unknown column 'antrian.id' in 'where clause'
#0 C:\xampp\htdocs\warak\system\Database\MySQLi\Connection.php(292): mysqli->query('UPDATE `antrian...', 0)
#1 C:\xampp\htdocs\warak\system\Database\BaseConnection.php(670): CodeIgniter\Database\MySQLi\Connection->execute('UPDATE `antrian...')
#2 C:\xampp\htdocs\warak\system\Database\BaseConnection.php(598): CodeIgniter\Database\BaseConnection->simpleQuery('UPDATE `antrian...')
#3 C:\xampp\htdocs\warak\system\Database\BaseBuilder.php(1901): CodeIgniter\Database\BaseConnection->query('UPDATE `antrian...', Array, false)
#4 C:\xampp\htdocs\warak\system\Model.php(298): CodeIgniter\Database\BaseBuilder->update()
#5 C:\xampp\htdocs\warak\system\BaseModel.php(865): CodeIgniter\Model->doUpdate(Array, Array)
#6 C:\xampp\htdocs\warak\system\Model.php(646): CodeIgniter\BaseModel->update(Array, Array)
#7 C:\xampp\htdocs\warak\app\Controllers\Antrian.php(48): CodeIgniter\Model->update('', Array)
#8 C:\xampp\htdocs\warak\system\CodeIgniter.php(824): App\Controllers\Antrian->proses()
#9 C:\xampp\htdocs\warak\system\CodeIgniter.php(410): CodeIgniter\CodeIgniter->runController(Object(App\Controllers\Antrian))
#10 C:\xampp\htdocs\warak\system\CodeIgniter.php(318): CodeIgniter\CodeIgniter->handleRequest(NULL, Object(Config\Cache), false)
#11 C:\xampp\htdocs\warak\index.php(37): CodeIgniter\CodeIgniter->run()
#12 {main}
ERROR - 2024-06-11 07:24:51 --> Unknown column 'idAntrian' in 'where clause'
CRITICAL - 2024-06-11 07:24:51 --> Unknown column 'idAntrian' in 'where clause'
#0 C:\xampp\htdocs\warak\system\Database\MySQLi\Connection.php(292): mysqli->query('SELECT *\nFROM `...', 0)
#1 C:\xampp\htdocs\warak\system\Database\BaseConnection.php(670): CodeIgniter\Database\MySQLi\Connection->execute('SELECT *\nFROM `...')
#2 C:\xampp\htdocs\warak\system\Database\BaseConnection.php(598): CodeIgniter\Database\BaseConnection->simpleQuery('SELECT *\nFROM `...')
#3 C:\xampp\htdocs\warak\system\Database\BaseBuilder.php(1443): CodeIgniter\Database\BaseConnection->query('SELECT *\nFROM `...', Array, false)
#4 C:\xampp\htdocs\warak\system\Model.php(183): CodeIgniter\Database\BaseBuilder->get()
#5 C:\xampp\htdocs\warak\system\BaseModel.php(584): CodeIgniter\Model->doFindAll(0, 0)
#6 C:\xampp\htdocs\warak\app\Controllers\Antrian.php(57): CodeIgniter\BaseModel->findAll()
#7 C:\xampp\htdocs\warak\system\CodeIgniter.php(824): App\Controllers\Antrian->rincianPesanan()
#8 C:\xampp\htdocs\warak\system\CodeIgniter.php(410): CodeIgniter\CodeIgniter->runController(Object(App\Controllers\Antrian))
#9 C:\xampp\htdocs\warak\system\CodeIgniter.php(318): CodeIgniter\CodeIgniter->handleRequest(NULL, Object(Config\Cache), false)
#10 C:\xampp\htdocs\warak\index.php(37): CodeIgniter\CodeIgniter->run()
#11 {main}
ERROR - 2024-06-11 07:24:52 --> Unknown column 'antrian.id' in 'where clause'
CRITICAL - 2024-06-11 07:24:52 --> Unknown column 'antrian.id' in 'where clause'
#0 C:\xampp\htdocs\warak\system\Database\MySQLi\Connection.php(292): mysqli->query('UPDATE `antrian...', 0)
#1 C:\xampp\htdocs\warak\system\Database\BaseConnection.php(670): CodeIgniter\Database\MySQLi\Connection->execute('UPDATE `antrian...')
#2 C:\xampp\htdocs\warak\system\Database\BaseConnection.php(598): CodeIgniter\Database\BaseConnection->simpleQuery('UPDATE `antrian...')
#3 C:\xampp\htdocs\warak\system\Database\BaseBuilder.php(1901): CodeIgniter\Database\BaseConnection->query('UPDATE `antrian...', Array, false)
#4 C:\xampp\htdocs\warak\system\Model.php(298): CodeIgniter\Database\BaseBuilder->update()
#5 C:\xampp\htdocs\warak\system\BaseModel.php(865): CodeIgniter\Model->doUpdate(Array, Array)
#6 C:\xampp\htdocs\warak\system\Model.php(646): CodeIgniter\BaseModel->update(Array, Array)
#7 C:\xampp\htdocs\warak\app\Controllers\Antrian.php(48): CodeIgniter\Model->update('', Array)
#8 C:\xampp\htdocs\warak\system\CodeIgniter.php(824): App\Controllers\Antrian->proses()
#9 C:\xampp\htdocs\warak\system\CodeIgniter.php(410): CodeIgniter\CodeIgniter->runController(Object(App\Controllers\Antrian))
#10 C:\xampp\htdocs\warak\system\CodeIgniter.php(318): CodeIgniter\CodeIgniter->handleRequest(NULL, Object(Config\Cache), false)
#11 C:\xampp\htdocs\warak\index.php(37): CodeIgniter\CodeIgniter->run()
#12 {main}
CRITICAL - 2024-06-11 07:24:58 --> Undefined array key "nama"
#0 C:\xampp\htdocs\warak\app\Views\dashboard.php(75): CodeIgniter\Debug\Exceptions->errorHandler(2, 'Undefined array...', 'C:\\xampp\\htdocs...', 75)
#1 C:\xampp\htdocs\warak\system\View\View.php(214): include('C:\\xampp\\htdocs...')
#2 C:\xampp\htdocs\warak\system\View\View.php(217): CodeIgniter\View\View->CodeIgniter\View\{closure}()
#3 C:\xampp\htdocs\warak\system\Common.php(1097): CodeIgniter\View\View->render('dashboard', Array, true)
#4 C:\xampp\htdocs\warak\app\Controllers\Dashboard.php(33): view('dashboard', Array)
#5 C:\xampp\htdocs\warak\system\CodeIgniter.php(824): App\Controllers\Dashboard->index()
#6 C:\xampp\htdocs\warak\system\CodeIgniter.php(410): CodeIgniter\CodeIgniter->runController(Object(App\Controllers\Dashboard))
#7 C:\xampp\htdocs\warak\system\CodeIgniter.php(318): CodeIgniter\CodeIgniter->handleRequest(NULL, Object(Config\Cache), false)
#8 C:\xampp\htdocs\warak\index.php(37): CodeIgniter\CodeIgniter->run()
#9 {main}
CRITICAL - 2024-06-11 07:25:11 --> Undefined array key "nama"
#0 C:\xampp\htdocs\warak\app\Views\dashboard.php(75): CodeIgniter\Debug\Exceptions->errorHandler(2, 'Undefined array...', 'C:\\xampp\\htdocs...', 75)
#1 C:\xampp\htdocs\warak\system\View\View.php(214): include('C:\\xampp\\htdocs...')
#2 C:\xampp\htdocs\warak\system\View\View.php(217): CodeIgniter\View\View->CodeIgniter\View\{closure}()
#3 C:\xampp\htdocs\warak\system\Common.php(1097): CodeIgniter\View\View->render('dashboard', Array, true)
#4 C:\xampp\htdocs\warak\app\Controllers\Dashboard.php(33): view('dashboard', Array)
#5 C:\xampp\htdocs\warak\system\CodeIgniter.php(824): App\Controllers\Dashboard->index()
#6 C:\xampp\htdocs\warak\system\CodeIgniter.php(410): CodeIgniter\CodeIgniter->runController(Object(App\Controllers\Dashboard))
#7 C:\xampp\htdocs\warak\system\CodeIgniter.php(318): CodeIgniter\CodeIgniter->handleRequest(NULL, Object(Config\Cache), false)
#8 C:\xampp\htdocs\warak\index.php(37): CodeIgniter\CodeIgniter->run()
#9 {main}
CRITICAL - 2024-06-11 07:25:12 --> Undefined array key "nama"
#0 C:\xampp\htdocs\warak\app\Views\dashboard.php(75): CodeIgniter\Debug\Exceptions->errorHandler(2, 'Undefined array...', 'C:\\xampp\\htdocs...', 75)
#1 C:\xampp\htdocs\warak\system\View\View.php(214): include('C:\\xampp\\htdocs...')
#2 C:\xampp\htdocs\warak\system\View\View.php(217): CodeIgniter\View\View->CodeIgniter\View\{closure}()
#3 C:\xampp\htdocs\warak\system\Common.php(1097): CodeIgniter\View\View->render('dashboard', Array, true)
#4 C:\xampp\htdocs\warak\app\Controllers\Dashboard.php(33): view('dashboard', Array)
#5 C:\xampp\htdocs\warak\system\CodeIgniter.php(824): App\Controllers\Dashboard->index()
#6 C:\xampp\htdocs\warak\system\CodeIgniter.php(410): CodeIgniter\CodeIgniter->runController(Object(App\Controllers\Dashboard))
#7 C:\xampp\htdocs\warak\system\CodeIgniter.php(318): CodeIgniter\CodeIgniter->handleRequest(NULL, Object(Config\Cache), false)
#8 C:\xampp\htdocs\warak\index.php(37): CodeIgniter\CodeIgniter->run()
#9 {main}
CRITICAL - 2024-06-11 07:25:13 --> Undefined array key "nama"
#0 C:\xampp\htdocs\warak\app\Views\dashboard.php(75): CodeIgniter\Debug\Exceptions->errorHandler(2, 'Undefined array...', 'C:\\xampp\\htdocs...', 75)
#1 C:\xampp\htdocs\warak\system\View\View.php(214): include('C:\\xampp\\htdocs...')
#2 C:\xampp\htdocs\warak\system\View\View.php(217): CodeIgniter\View\View->CodeIgniter\View\{closure}()
#3 C:\xampp\htdocs\warak\system\Common.php(1097): CodeIgniter\View\View->render('dashboard', Array, true)
#4 C:\xampp\htdocs\warak\app\Controllers\Dashboard.php(33): view('dashboard', Array)
#5 C:\xampp\htdocs\warak\system\CodeIgniter.php(824): App\Controllers\Dashboard->index()
#6 C:\xampp\htdocs\warak\system\CodeIgniter.php(410): CodeIgniter\CodeIgniter->runController(Object(App\Controllers\Dashboard))
#7 C:\xampp\htdocs\warak\system\CodeIgniter.php(318): CodeIgniter\CodeIgniter->handleRequest(NULL, Object(Config\Cache), false)
#8 C:\xampp\htdocs\warak\index.php(37): CodeIgniter\CodeIgniter->run()
#9 {main}
CRITICAL - 2024-06-11 07:25:14 --> Undefined array key "nama"
#0 C:\xampp\htdocs\warak\app\Views\dashboard.php(75): CodeIgniter\Debug\Exceptions->errorHandler(2, 'Undefined array...', 'C:\\xampp\\htdocs...', 75)
#1 C:\xampp\htdocs\warak\system\View\View.php(214): include('C:\\xampp\\htdocs...')
#2 C:\xampp\htdocs\warak\system\View\View.php(217): CodeIgniter\View\View->CodeIgniter\View\{closure}()
#3 C:\xampp\htdocs\warak\system\Common.php(1097): CodeIgniter\View\View->render('dashboard', Array, true)
#4 C:\xampp\htdocs\warak\app\Controllers\Dashboard.php(33): view('dashboard', Array)
#5 C:\xampp\htdocs\warak\system\CodeIgniter.php(824): App\Controllers\Dashboard->index()
#6 C:\xampp\htdocs\warak\system\CodeIgniter.php(410): CodeIgniter\CodeIgniter->runController(Object(App\Controllers\Dashboard))
#7 C:\xampp\htdocs\warak\system\CodeIgniter.php(318): CodeIgniter\CodeIgniter->handleRequest(NULL, Object(Config\Cache), false)
#8 C:\xampp\htdocs\warak\index.php(37): CodeIgniter\CodeIgniter->run()
#9 {main}
CRITICAL - 2024-06-11 07:25:14 --> Undefined array key "nama"
#0 C:\xampp\htdocs\warak\app\Views\dashboard.php(75): CodeIgniter\Debug\Exceptions->errorHandler(2, 'Undefined array...', 'C:\\xampp\\htdocs...', 75)
#1 C:\xampp\htdocs\warak\system\View\View.php(214): include('C:\\xampp\\htdocs...')
#2 C:\xampp\htdocs\warak\system\View\View.php(217): CodeIgniter\View\View->CodeIgniter\View\{closure}()
#3 C:\xampp\htdocs\warak\system\Common.php(1097): CodeIgniter\View\View->render('dashboard', Array, true)
#4 C:\xampp\htdocs\warak\app\Controllers\Dashboard.php(33): view('dashboard', Array)
#5 C:\xampp\htdocs\warak\system\CodeIgniter.php(824): App\Controllers\Dashboard->index()
#6 C:\xampp\htdocs\warak\system\CodeIgniter.php(410): CodeIgniter\CodeIgniter->runController(Object(App\Controllers\Dashboard))
#7 C:\xampp\htdocs\warak\system\CodeIgniter.php(318): CodeIgniter\CodeIgniter->handleRequest(NULL, Object(Config\Cache), false)
#8 C:\xampp\htdocs\warak\index.php(37): CodeIgniter\CodeIgniter->run()
#9 {main}
CRITICAL - 2024-06-11 07:25:15 --> Undefined array key "nama"
#0 C:\xampp\htdocs\warak\app\Views\dashboard.php(75): CodeIgniter\Debug\Exceptions->errorHandler(2, 'Undefined array...', 'C:\\xampp\\htdocs...', 75)
#1 C:\xampp\htdocs\warak\system\View\View.php(214): include('C:\\xampp\\htdocs...')
#2 C:\xampp\htdocs\warak\system\View\View.php(217): CodeIgniter\View\View->CodeIgniter\View\{closure}()
#3 C:\xampp\htdocs\warak\system\Common.php(1097): CodeIgniter\View\View->render('dashboard', Array, true)
#4 C:\xampp\htdocs\warak\app\Controllers\Dashboard.php(33): view('dashboard', Array)
#5 C:\xampp\htdocs\warak\system\CodeIgniter.php(824): App\Controllers\Dashboard->index()
#6 C:\xampp\htdocs\warak\system\CodeIgniter.php(410): CodeIgniter\CodeIgniter->runController(Object(App\Controllers\Dashboard))
#7 C:\xampp\htdocs\warak\system\CodeIgniter.php(318): CodeIgniter\CodeIgniter->handleRequest(NULL, Object(Config\Cache), false)
#8 C:\xampp\htdocs\warak\index.php(37): CodeIgniter\CodeIgniter->run()
#9 {main}
CRITICAL - 2024-06-11 07:25:23 --> Undefined array key "nama"
#0 C:\xampp\htdocs\warak\app\Views\dashboard.php(75): CodeIgniter\Debug\Exceptions->errorHandler(2, 'Undefined array...', 'C:\\xampp\\htdocs...', 75)
#1 C:\xampp\htdocs\warak\system\View\View.php(214): include('C:\\xampp\\htdocs...')
#2 C:\xampp\htdocs\warak\system\View\View.php(217): CodeIgniter\View\View->CodeIgniter\View\{closure}()
#3 C:\xampp\htdocs\warak\system\Common.php(1097): CodeIgniter\View\View->render('dashboard', Array, true)
#4 C:\xampp\htdocs\warak\app\Controllers\Dashboard.php(33): view('dashboard', Array)
#5 C:\xampp\htdocs\warak\system\CodeIgniter.php(824): App\Controllers\Dashboard->index()
#6 C:\xampp\htdocs\warak\system\CodeIgniter.php(410): CodeIgniter\CodeIgniter->runController(Object(App\Controllers\Dashboard))
#7 C:\xampp\htdocs\warak\system\CodeIgniter.php(318): CodeIgniter\CodeIgniter->handleRequest(NULL, Object(Config\Cache), false)
#8 C:\xampp\htdocs\warak\index.php(37): CodeIgniter\CodeIgniter->run()
#9 {main}
